2025-02-17 03:05:58 INFO [electron]   "init store"
2025-02-17 03:05:58 INFO [electron]   "init request"
2025-02-17 03:05:58 INFO [electron]   "init i18n"
2025-02-17 03:05:58 INFO [electron]   {"updater":{"downloadUrl":"https://appest-public.s3.amazonaws.com/download/linux/","delay":2000,"interval":600000},"apk_version":"6.0.21","product_mode":true,"package_mode":false,"is_cn_site":false,"cdn_domain":"d107mjio2rjf74.cloudfront.net/web","site_domain":"ticktick.com","ex_api_domain":"ext.ticktick.com","api_domain":"api.ticktick.com","cookie_domain":".ticktick.com","protocol":"https://","help_domain":"help.ticktick.com","support_api_domain":"ticket.ticktick.com","deploy_path":"/task/src/main/webapp/static/deploy","version":"6020"}
2025-02-17 03:05:58 INFO [electron]   "timezone America/Chicago"
2025-02-17 03:05:58 INFO [electron]   "date 360"
2025-02-17 03:05:58 INFO [electron]   {"platform":"electron","os":"linux","device":"Linux x64","name":"wavefunc","version":"6020","id":"679727b8bf43b8c63ae83852","channel":"website","campaign":"","websocket":""}
2025-02-17 03:05:58 INFO [electron]   "init main window"
2025-02-17 03:05:58 INFO [electron]   "init"
2025-02-17 03:05:58 INFO [electron]   "init menu"
2025-02-17 03:05:58 INFO [electron]   "init update service"
2025-02-17 03:05:58 INFO [electron]   "init notification"
2025-02-17 03:05:58 INFO [electron]   "init tray"
2025-02-17 03:05:58 INFO [electron]   "fetch get begin https://api.ticktick.com/api/v2/user/profile"
2025-02-17 03:05:58 INFO [electron]   "token 154BB8FE91446783BA15A7E8F0EC1271ADE370AA0316FCDD44833EEBA44F16002FE77BE0762F46BE57E41E041AC8E4F4BAB4D9A01908F9213CA391B81BF32BA837A104D6AD778CD7A2FF21627826B7998E5370AAE8EDA83ABD5526E2B92F1A2D82BEE463B1431075BC4DD36207DCA5A88E5370AAE8EDA83A6DDAF573C2426D5869502D7F2CC166A398F120304162B8EA899CF8BE9E4C982A7C1F86D7076913F60D1E88CA749147E9"
2025-02-17 03:05:58 INFO [electron]   "token 154BB8FE91446783BA15A7E8F0EC1271ADE370AA0316FCDD44833EEBA44F16002FE77BE0762F46BE57E41E041AC8E4F4BAB4D9A01908F9213CA391B81BF32BA837A104D6AD778CD7A2FF21627826B7998E5370AAE8EDA83ABD5526E2B92F1A2D82BEE463B1431075BC4DD36207DCA5A88E5370AAE8EDA83A6DDAF573C2426D5869502D7F2CC166A398F120304162B8EA899CF8BE9E4C982A7C1F86D7076913F60D1E88CA749147E9"
2025-02-17 03:05:58 INFO [electron]   "launchLogin main"
2025-02-17 03:05:58 INFO [electron]   "fetch get begin https://api.ticktick.com/api/v2/user/status"
2025-02-17 03:05:58 INFO [electron]   "token 154BB8FE91446783BA15A7E8F0EC1271ADE370AA0316FCDD44833EEBA44F16002FE77BE0762F46BE57E41E041AC8E4F4BAB4D9A01908F9213CA391B81BF32BA837A104D6AD778CD7A2FF21627826B7998E5370AAE8EDA83ABD5526E2B92F1A2D82BEE463B1431075BC4DD36207DCA5A88E5370AAE8EDA83A6DDAF573C2426D5869502D7F2CC166A398F120304162B8EA899CF8BE9E4C982A7C1F86D7076913F60D1E88CA749147E9"
2025-02-17 03:05:58 INFO [electron]   "globalUser {\"inboxId\":\"inbox121876683\",\"username\":\"clarked126@gmail.com\",\"pro\":false,\"teamUser\":false,\"ds\":false,\"proEndDate\":\"1970-01-01T00:00:00.000+0000\",\"userId\":\"121876683\"}"
2025-02-17 03:05:58 INFO [electron]   "locale en_US"
2025-02-17 03:05:58 INFO [electron]   "update userInfo {\"inboxId\":\"inbox121876683\",\"username\":\"clarked126@gmail.com\",\"pro\":false,\"teamUser\":false,\"ds\":false,\"proEndDate\":\"1970-01-01T00:00:00.000+0000\",\"userId\":\"121876683\"}"
2025-02-17 03:05:58 INFO [electron]   "get end https://api.ticktick.com/api/v2/user/status"
2025-02-17 03:05:59 INFO [electron]   {"id":"679727b8bf43b8c63ae83852","platform":"electron","ver":"6020","channel":"website","os":"linux","osv":"","device":"Linux x64","name":"wavefunc","campaign":"","websocket":"","ctime":"2025-02-17T09:05:58.000+0000","atime":"2025-02-17T09:05:58.000+0000","userCode":"1fb15e4a7f7a45dab1f414243ab06456","hl":"en_US","tz":"America/Chicago","locale":"en-US"}
2025-02-17 03:05:59 INFO [electron]   "fetch post begin https://xapi.ticktick.com/datacollect/event/push"
2025-02-17 03:05:59 INFO [electron]   "token 154BB8FE91446783BA15A7E8F0EC1271ADE370AA0316FCDD44833EEBA44F16002FE77BE0762F46BE57E41E041AC8E4F4BAB4D9A01908F9213CA391B81BF32BA837A104D6AD778CD7A2FF21627826B7998E5370AAE8EDA83ABD5526E2B92F1A2D82BEE463B1431075BC4DD36207DCA5A88E5370AAE8EDA83A6DDAF573C2426D5869502D7F2CC166A398F120304162B8EA899CF8BE9E4C982A7C1F86D7076913F60D1E88CA749147E9"
2025-02-17 03:05:59 INFO [electron]   "get end https://api.ticktick.com/api/v2/user/profile"
2025-02-17 03:05:59 INFO [electron]   "post end https://xapi.ticktick.com/datacollect/event/push"
2025-02-17 03:06:01 INFO [electron]   "main-dom-ready"
2025-02-17 03:06:02 INFO [electron]   "update check"
2025-02-17 03:06:02 INFO [electron]   "fetch getFile begin https://pull.ticktick.com/linux/release_note.json?timeStamp=1739783162316"
2025-02-17 03:06:02 INFO [electron]   "getFile end https://pull.ticktick.com/linux/release_note.json?timeStamp=1739783162316"
2025-02-17 03:06:34 INFO [electron]   "ipc:switch-theme:dark"
2025-02-17 03:06:34 INFO [electron]   "ipc:switch-theme:night"
2025-02-17 03:06:36 INFO [electron]   "ipc:switch-theme:navy"
2025-02-17 03:06:38 INFO [electron]   "ipc:switch-theme:night"
2025-02-17 03:07:27 INFO [electron]   "ipc:switch-theme:classic"
2025-02-17 03:07:28 INFO [electron]   "ipc:switch-theme:night"
2025-02-17 03:07:29 INFO [electron]   "ipc:switch-theme:navy"
2025-02-17 03:07:29 INFO [electron]   "ipc:switch-theme:dark"
2025-02-17 03:07:30 INFO [electron]   "ipc:switch-theme:ebony"
2025-02-17 03:07:31 INFO [electron]   "ipc:switch-theme:night"
2025-02-17 03:07:31 INFO [electron]   "ipc:switch-theme:matcha"
2025-02-17 03:07:32 INFO [electron]   "ipc:switch-theme:night"
